"../../../Engine/Content/Functions/Engine_MaterialFunctions01/Opacity/CameraDepthFade.uasset" 0
"../../../Engine/Content/EngineMaterials/T_Default_Material_Grid_M.uasset" 1
"../../../Engine/Content/EngineMaterials/T_Default_Material_Grid_N.uasset" 2
"../../../Engine/Content/EngineMaterials/DefaultMaterial.uasset" 3
"../../../Engine/Content/EngineMeshes/Cube.uasset" 4
"../../../../Projectos unreal/PongGame/Content/MydestructableBlock2.uasset" 5
"../../../Engine/Content/BasicShapes/BasicShapeMaterial.uasset" 6
"../../../Engine/Content/EngineMaterials/WorldGridMaterial.uasset" 7
"../../../Engine/Content/BasicShapes/Cube1.uasset" 8
"../../../Engine/Content/BasicShapes/Cube.uasset" 9
"../../../../Projectos unreal/PongGame/Content/Blueprints/NewBlueprint.uasset" 10
"../../../Engine/Content/ArtTools/RenderToTexture/Textures/127grey.uasset" 11
"../../../../Projectos unreal/PongGame/Content/map/NewPaperTileSet.uasset" 12
"../../../Engine/Content/EditorShellMaterials/T_Base.uasset" 13
"../../../../Projectos unreal/PongGame/Content/map/NewPaperTileSet1.uasset" 14
"../../../../Projectos unreal/PongGame/Content/map/NewPaperTileMap.uasset" 15
"../../../../Projectos unreal/PongGame/Content/StarterContent/Materials/M_Basic_Wall.uasset" 16
"../../../../Projectos unreal/PongGame/Content/StarterContent/Architecture/Pillar_50x500.uasset" 17
"../../../../Projectos unreal/PongGame/Content/StarterContent/Architecture/Wall_400x300.uasset" 18
"../../../../Projectos unreal/PongGame/Content/StarterContent/Architecture/Wall_400x400.uasset" 19
"../../../../Projectos unreal/PongGame/Content/StarterContent/Architecture/Wall_500x500.uasset" 20
"../../../../Projectos unreal/PongGame/Content/StarterContent/Architecture/Wall_Door_400x400.uasset" 21
"../../../../Projectos unreal/PongGame/Content/StarterContent/Architecture/Wall_Window_400x400.uasset" 22
"../../../../Projectos unreal/PongGame/Content/StarterContent/Audio/Collapse01.uasset" 23
"../../../../Projectos unreal/PongGame/Content/StarterContent/Audio/Collapse02.uasset" 24
"../../../../Projectos unreal/PongGame/Content/StarterContent/Audio/Explosion01.uasset" 25
"../../../../Projectos unreal/PongGame/Content/StarterContent/Audio/Explosion02.uasset" 26
"../../../../Projectos unreal/PongGame/Content/StarterContent/Audio/Fire01.uasset" 27
"../../../../Projectos unreal/PongGame/Content/StarterContent/Audio/Fire_Sparks01.uasset" 28
"../../../../Projectos unreal/PongGame/Content/StarterContent/Audio/Light01.uasset" 29
"../../../../Projectos unreal/PongGame/Content/StarterContent/Audio/Light01_Cue.uasset" 30
"../../../../Projectos unreal/PongGame/Content/StarterContent/Audio/Light02.uasset" 31
"../../../../Projectos unreal/PongGame/Content/StarterContent/Audio/Light02_Cue.uasset" 32
"../../../../Projectos unreal/PongGame/Content/StarterContent/Audio/Smoke01.uasset" 33
"../../../../Projectos unreal/PongGame/Content/StarterContent/Audio/Starter_Birds01.uasset" 34
"../../../../Projectos unreal/PongGame/Content/StarterContent/Audio/Starter_Music01.uasset" 35
"../../../../Projectos unreal/PongGame/Content/StarterContent/Audio/Starter_Wind05.uasset" 36
"../../../../Projectos unreal/PongGame/Content/StarterContent/Audio/Starter_Wind06.uasset" 37
"../../../../Projectos unreal/PongGame/Content/StarterContent/Audio/Steam01.uasset" 38
"../../../../Projectos unreal/PongGame/Content/StarterContent/Audio/Explosion_Cue.uasset" 39
"../../../../Projectos unreal/PongGame/Content/StarterContent/Textures/T_Burst_M.uasset" 40
"../../../../Projectos unreal/PongGame/Content/StarterContent/Particles/Materials/M_Burst.uasset" 41
"../../../../Projectos unreal/PongGame/Content/StarterContent/Textures/T_Explosion_SubUV.uasset" 42
"../../../../Projectos unreal/PongGame/Content/StarterContent/Particles/Materials/M_explosion_subUV.uasset" 43
"../../../../Projectos unreal/PongGame/Content/StarterContent/Particles/Materials/m_flare_01.uasset" 44
"../../../Engine/Content/Functions/Engine_MaterialFunctions01/Gradient/RadialGradient.uasset" 45
"../../../../Projectos unreal/PongGame/Content/StarterContent/Particles/Materials/M_radial_ramp.uasset" 46
"../../../../Projectos unreal/PongGame/Content/StarterContent/Textures/T_Smoke_SubUV.uasset" 47
"../../../../Projectos unreal/PongGame/Content/StarterContent/Textures/T_Smoke_Tiled_D.uasset" 48
"../../../../Projectos unreal/PongGame/Content/StarterContent/Particles/Materials/M_smoke_subUV.uasset" 49
"../../../../Projectos unreal/PongGame/Content/StarterContent/Particles/P_Explosion.uasset" 50
"../../../../Projectos unreal/PongGame/Content/StarterContent/Blueprints/Blueprint_Effect_Explosion.uasset" 51
"../../../Engine/Content/EditorMeshes/ColorCalibrator/T_ColorGrid.uasset" 52
"../../../../Projectos unreal/PongGame/Content/StarterContent/Materials/M_ColorGrid_LowSpec.uasset" 53
"../../../../Projectos unreal/PongGame/Content/StarterContent/Textures/T_Bush_D.uasset" 54
"../../../../Projectos unreal/PongGame/Content/StarterContent/Textures/T_Bush_N.uasset" 55
"../../../../Projectos unreal/PongGame/Content/StarterContent/Props/Materials/M_Bush.uasset" 56
"../../../../Projectos unreal/PongGame/Content/StarterContent/Props/SM_Bush.uasset" 57
"../../../../Projectos unreal/PongGame/Content/StarterContent/Textures/T_Chair_M.uasset" 58
"../../../../Projectos unreal/PongGame/Content/StarterContent/Textures/T_Chair_N.uasset" 59
"../../../../Projectos unreal/PongGame/Content/StarterContent/Props/Materials/M_Chair.uasset" 60
"../../../../Projectos unreal/PongGame/Content/StarterContent/Props/SM_Couch.uasset" 61
"../../../../Projectos unreal/PongGame/Content/StarterContent/Materials/M_Glass.uasset" 62
"../../../../Projectos unreal/PongGame/Content/StarterContent/Textures/T_Door_M.uasset" 63
"../../../../Projectos unreal/PongGame/Content/StarterContent/Textures/T_Door_N.uasset" 64
"../../../../Projectos unreal/PongGame/Content/StarterContent/Props/Materials/M_Door.uasset" 65
"../../../../Projectos unreal/PongGame/Content/StarterContent/Props/SM_Door.uasset" 66
"../../../../Projectos unreal/PongGame/Content/StarterContent/Props/Materials/M_MaterialSphere.uasset" 67
"../../../../Projectos unreal/PongGame/Content/StarterContent/Props/Materials/M_MaterialSphere_Plain.uasset" 68
"../../../../Projectos unreal/PongGame/Content/StarterContent/Props/SM_MatPreviewMesh_02.uasset" 69
"../../../Engine/Content/Functions/Engine_MaterialFunctions02/Utility/BlendAngleCorrectedNormals.uasset" 70
"../../../../Projectos unreal/PongGame/Content/StarterContent/Textures/T_Detail_Rocky_N.uasset" 71
"../../../../Projectos unreal/PongGame/Content/StarterContent/Textures/T_Rock_Basalt_D.uasset" 72
"../../../../Projectos unreal/PongGame/Content/StarterContent/Textures/T_RockMesh_M.uasset" 73
"../../../../Projectos unreal/PongGame/Content/StarterContent/Textures/T_RockMesh_N.uasset" 74
"../../../../Projectos unreal/PongGame/Content/StarterContent/Props/Materials/M_Rock.uasset" 75
"../../../../Projectos unreal/PongGame/Content/StarterContent/Props/SM_Rock.uasset" 76
"../../../../Projectos unreal/PongGame/Content/StarterContent/Textures/T_Shelf_M.uasset" 77
"../../../../Projectos unreal/PongGame/Content/StarterContent/Textures/T_Shelf_N.uasset" 78
"../../../../Projectos unreal/PongGame/Content/StarterContent/Props/Materials/M_Shelf.uasset" 79
"../../../../Projectos unreal/PongGame/Content/StarterContent/Props/SM_Shelf.uasset" 80
"../../../../Projectos unreal/PongGame/Content/StarterContent/Materials/M_Basic_Floor.uasset" 81
"../../../../Projectos unreal/PongGame/Content/StarterContent/Props/SM_Stairs.uasset" 82
"../../../../Projectos unreal/PongGame/Content/StarterContent/Shapes/Shape_Cone.uasset" 83
"../../../../Projectos unreal/PongGame/Content/StarterContent/Shapes/Shape_Cylinder.uasset" 84
"../../../../Projectos unreal/PongGame/Content/StarterContent/Shapes/Shape_NarrowCapsule.uasset" 85
"../../../../Projectos unreal/PongGame/Content/StarterContent/Shapes/Shape_Pipe.uasset" 86
"../../../../Projectos unreal/PongGame/Content/StarterContent/Shapes/Shape_Pipe_180.uasset" 87
"../../../../Projectos unreal/PongGame/Content/StarterContent/Shapes/Shape_Pipe_90.uasset" 88
"../../../../Projectos unreal/PongGame/Content/StarterContent/Shapes/Shape_Plane.uasset" 89
"../../../../Projectos unreal/PongGame/Content/StarterContent/Shapes/Shape_Torus.uasset" 90
"../../../../Projectos unreal/PongGame/Content/StarterContent/Shapes/Shape_Trim.uasset" 91
"../../../../Projectos unreal/PongGame/Content/StarterContent/Shapes/Shape_Trim_90_In.uasset" 92
"../../../../Projectos unreal/PongGame/Content/StarterContent/Shapes/Shape_Trim_90_Out.uasset" 93
"../../../../Projectos unreal/PongGame/Content/StarterContent/Shapes/Shape_TriPyramid.uasset" 94
"../../../../Projectos unreal/PongGame/Content/StarterContent/Shapes/Shape_Tube.uasset" 95
"../../../../Projectos unreal/PongGame/Content/StarterContent/Shapes/Shape_Wedge_A.uasset" 96
"../../../../Projectos unreal/PongGame/Content/StarterContent/Shapes/Shape_Wedge_B.uasset" 97
"../../../../Projectos unreal/PongGame/Content/StarterContent/Shapes/Shape_WideCapsule.uasset" 98
"../../../Engine/Content/Animation/DefaultAnimCurveCompressionSettings.uasset" 99
"../../../Engine/Content/ArtTools/RenderToTexture/Meshes/S_1_Unit_Plane.uasset" 100
"../../../Engine/Content/BasicShapes/Cone.uasset" 101
"../../../Engine/Content/BasicShapes/Cylinder.uasset" 102
"../../../Engine/Content/BasicShapes/Plane.uasset" 103
"../../../Engine/Content/EditorLandscapeResources/DataLayer.uasset" 104
"../../../Engine/Content/EditorMaterials/GizmoMaterial.uasset" 105
"../../../Engine/Content/EditorMaterials/MAT_Groups_Toggle.uasset" 106
"../../../Engine/Content/EditorMaterials/MAT_Groups_Visibility.uasset" 107
"../../../Engine/Content/EditorMaterials/PreviewShadowIndicator.uasset" 108
"../../../Engine/Content/EditorMaterials/PreviewShadowIndicatorMaterial.uasset" 109
"../../../Engine/Content/EditorMaterials/MatineeGroups/MAT_ColorTrack.uasset" 110
"../../../Engine/Content/EditorMaterials/MatineeGroups/MAT_Groups_Anim.uasset" 111
"../../../Engine/Content/EditorMaterials/MatineeGroups/MAT_Groups_AudioMaster.uasset" 112
"../../../Engine/Content/EditorMaterials/MatineeGroups/MAT_Groups_Director.uasset" 113
"../../../Engine/Content/EditorMaterials/MatineeGroups/MAT_Groups_Event.uasset" 114
"../../../Engine/Content/EditorMaterials/MatineeGroups/MAT_Groups_Fade.uasset" 115
"../../../Engine/Content/EditorMaterials/MatineeGroups/MAT_Groups_Float.uasset" 116
"../../../Engine/Content/EditorMaterials/MatineeGroups/MAT_Groups_Move.uasset" 117
"../../../Engine/Content/EditorMaterials/MatineeGroups/MAT_Groups_Slomo.uasset" 118
"../../../Engine/Content/EditorMaterials/MatineeGroups/MAT_Groups_Sound.uasset" 119
"../../../Engine/Content/EditorMaterials/MatineeGroups/MAT_Groups_Vector.uasset" 120
"../../../Engine/Content/EditorMaterials/ParticleSystems/PSysThumbnail_NoImage.uasset" 121
"../../../Engine/Content/EditorMaterials/ParticleSystems/PSysThumbnail_OOD.uasset" 122
"../../../Engine/Content/EditorMaterials/Camera/CineMat.uasset" 123
"../../../Engine/Content/EditorMaterials/Camera/MI_CineMat_Rig.uasset" 124
"../../../Engine/Content/EditorMeshes/Camera/SM_CraneRig_Arm.uasset" 125
"../../../Engine/Content/EditorMeshes/Camera/SM_CraneRig_Base.uasset" 126
"../../../Engine/Content/EditorMeshes/Camera/SM_CraneRig_Body.uasset" 127
"../../../Engine/Content/EditorMeshes/Camera/SM_CraneRig_Mount.uasset" 128
"../../../Engine/Content/EditorMeshes/Camera/SM_RailRig_Mount.uasset" 129
"../../../Engine/Content/EditorMeshes/Camera/SM_RailRig_Track.uasset" 130
"../../../Engine/Content/EditorResources/BSPVertex.uasset" 131
"../../../Engine/Content/EditorResources/EmptyActor.uasset" 132
"../../../Engine/Content/EditorResources/S_Actor.uasset" 133
"../../../Engine/Content/EditorResources/S_Note.uasset" 134
"../../../Engine/Content/EditorResources/S_Solver.uasset" 135
"../../../Engine/Content/EditorResources/S_Trigger.uasset" 136
"../../../Engine/Content/EditorResources/AudioIcons/S_AudioComponent.uasset" 137
"../../../Engine/Content/EditorResources/AudioIcons/S_AudioComponent_AutoActivate.uasset" 138
"../../../Engine/Content/EditorResources/LightIcons/S_LightError.uasset" 139
"../../../Engine/Content/EditorResources/SequenceRecorder/Countdown.uasset" 140
"../../../Engine/Content/EditorResources/SequenceRecorder/RecordingIndicator.uasset" 141
"../../../Engine/Content/EditorSounds/Notifications/CompileFailed.uasset" 142
"../../../Engine/Content/EditorSounds/Notifications/CompileFailed_Cue.uasset" 143
"../../../Engine/Content/EditorSounds/Notifications/CompileSuccess.uasset" 144
"../../../Engine/Content/EditorSounds/Notifications/CompileStart_Cue.uasset" 145
"../../../Engine/Content/EditorSounds/Notifications/CompileSuccess_Cue.uasset" 146
"../../../Engine/Content/EngineDamageTypes/DmgTypeBP_Environmental.uasset" 147
"../../../Engine/Content/EngineDebugMaterials/HeatmapGradient.uasset" 148
"../../../Engine/Content/EngineDebugMaterials/BoneWeightMaterial.uasset" 149
"../../../Engine/Content/EngineDebugMaterials/ClothMaterial.uasset" 150
"../../../Engine/Content/EngineDebugMaterials/ClothMaterial_WF.uasset" 151
"../../../Engine/Content/EngineDebugMaterials/DebugEditorMaterial.uasset" 152
"../../../Engine/Content/EngineDebugMaterials/DebugMeshMaterial.uasset" 153
"../../../Engine/Content/EngineDebugMaterials/GeomMaterial.uasset" 154
"../../../Engine/Content/EngineDebugMaterials/M_SimpleTranslucent.uasset" 155
"../../../Engine/Content/Functions/Engine_MaterialFunctions02/Utility/CameraDirectionVector.uasset" 156
"../../../Engine/Content/EngineDebugMaterials/VolumeToRender.uasset" 157
"../../../Engine/Content/EngineDebugMaterials/M_VolumeRenderSphereTracePP.uasset" 158
"../../../Engine/Content/EngineDebugMaterials/WireframeMaterial.uasset" 159
"../../../Engine/Content/EngineFonts/Faces/RobotoBold.uasset" 160
"../../../Engine/Content/EngineFonts/Faces/RobotoBoldItalic.uasset" 161
"../../../Engine/Content/EngineFonts/Faces/RobotoItalic.uasset" 162
"../../../Engine/Content/EngineFonts/Faces/RobotoLight.uasset" 163
"../../../Engine/Content/EngineFonts/Faces/RobotoRegular.uasset" 164
"../../../Engine/Content/EngineFonts/Roboto.uasset" 165
"../../../Engine/Content/EngineFonts/Faces/RobotoTiny.uasset" 166
"../../../Engine/Content/EngineFonts/RobotoTiny.uasset" 167
"../../../Engine/Content/EngineMaterials/BaseFlattenDiffuseMap.uasset" 168
"../../../Engine/Content/EngineMaterials/BaseFlattenEmissiveMap.uasset" 169
"../../../Engine/Content/EngineMaterials/BaseFlattenGrayscaleMap.uasset" 170
"../../../Engine/Content/EngineMaterials/BaseFlattenNormalMap.uasset" 171
"../../../Engine/Content/EngineMaterials/BaseFlattenMaterial.uasset" 172
"../../../Engine/Content/EngineMaterials/BlueNoise.uasset" 173
"../../../Engine/Content/EngineMaterials/DefaultBloomKernel.uasset" 174
"../../../Engine/Content/EngineMaterials/DefaultBokeh.uasset" 175
"../../../Engine/Content/EngineMaterials/DefaultDiffuse.uasset" 176
"../../../Engine/Content/EngineMaterials/DefaultDeferredDecalMaterial.uasset" 177
"../../../Engine/Content/EngineMaterials/DefaultPhysicalMaterial.uasset" 178
"../../../Engine/Content/Functions/Engine_MaterialFunctions02/Utility/BreakOutFloat2Components.uasset" 179
"../../../Engine/Content/EngineMaterials/DefaultPostProcessMaterial.uasset" 180
"../../../Engine/Content/EngineFonts/RobotoDistanceField.uasset" 181
"../../../Engine/Content/EngineMaterials/DefaultTextMaterialOpaque.uasset" 182
"../../../Engine/Content/EngineMaterials/DefaultVirtualTextureMaterial.uasset" 183
"../../../Engine/Content/EngineMaterials/DefaultWhiteGrid.uasset" 184
"../../../Engine/Content/EngineMaterials/EditorBrushMaterial.uasset" 185
"../../../Engine/Content/EngineMaterials/DefaultWhiteGrid_Low.uasset" 186
"../../../Engine/Content/EngineMaterials/EmissiveMeshMaterial.uasset" 187
"../../../Engine/Content/EngineMaterials/Good64x64TilingNoiseHighFreq.uasset" 188
"../../../Engine/Content/EngineMaterials/MiniFont.uasset" 189
"../../../Engine/Content/EngineMaterials/InvalidLightmapSettings.uasset" 190
"../../../Engine/Content/EngineMaterials/M_InvalidLightmapSettings.uasset" 191
"../../../Engine/Content/Functions/Engine_MaterialFunctions02/WorldPositionOffset/CameraOffset.uasset" 192
"../../../Engine/Content/EngineMaterials/PhAT_JointLimitMaterial.uasset" 193
"../../../Engine/Content/EngineMaterials/PreintegratedSkinBRDF.uasset" 194
"../../../Engine/Content/EngineMaterials/RemoveSurfaceMaterial.uasset" 195
"../../../Engine/Content/EngineMaterials/WeightMapPlaceholderTexture.uasset" 196
"../../../Engine/Content/EngineResources/WhiteSquareTexture.uasset" 197
"../../../Engine/Content/EngineMaterials/Widget3DPassThrough.uasset" 198
"../../../Engine/Content/EngineMaterials/Widget3DPassThrough_Masked.uasset" 199
"../../../Engine/Content/EngineMaterials/Widget3DPassThrough_Opaque.uasset" 200
"../../../Engine/Content/EngineMaterials/Widget3DPassThrough_Masked_OneSided.uasset" 201
"../../../Engine/Content/EngineMaterials/Widget3DPassThrough_Opaque_OneSided.uasset" 202
"../../../Engine/Content/EngineMaterials/Widget3DPassThrough_Translucent.uasset" 203
"../../../Engine/Content/EngineMaterials/Widget3DPassThrough_Translucent_OneSided.uasset" 204
"../../../Engine/Content/EngineMeshes/Cylinder.uasset" 205
"../../../Engine/Content/EngineMeshes/Sphere.uasset" 206
"../../../Engine/Content/EngineResources/DefaultTexture.uasset" 207
"../../../Engine/Content/EngineResources/DefaultTextureCube.uasset" 208
"../../../Engine/Content/EngineResources/DefaultVolumeTexture2D.uasset" 209
"../../../Engine/Content/EngineResources/DefaultVolumeTexture.uasset" 210
"../../../Engine/Content/EngineResources/GradientTexture0.uasset" 211
"../../../Engine/Content/EngineSounds/Master.uasset" 212
"../../../Engine/Content/Functions/Engine_MaterialFunctions01/Shading/ConvertFromDiffSpec.uasset" 213
"../../../Engine/Content/Functions/Engine_MaterialFunctions01/Shading/PowerToRoughness.uasset" 214
"../../../Engine/Content/Maps/Templates/Thumbnails/Default.uasset" 215
"../../../Engine/Content/Maps/Templates/Thumbnails/VR-Basic.uasset" 216
"../../../Engine/Content/MobileResources/T_MobileControls_texture.uasset" 217
"../../../Engine/Content/MobileResources/T_MobileMenu2.uasset" 218
"../../../Engine/Content/MobileResources/HUD/AnalogHat.uasset" 219
"../../../Engine/Content/MobileResources/HUD/VirtualJoystick_Background.uasset" 220
"../../../Engine/Content/MobileResources/HUD/VirtualJoystick_Thumb.uasset" 221
"../../../Engine/Content/MobileResources/HUD/DefaultVirtualJoysticks.uasset" 222
"../../../Engine/Content/MobileResources/HUD/LeftVirtualJoystickOnly.uasset" 223
"../../../Engine/Content/MobileResources/HUD/MobileHUDButton1_off.uasset" 224
"../../../Engine/Content/MobileResources/HUD/MobileHUDButton1_on.uasset" 225
"../../../Engine/Content/MobileResources/HUD/MobileHUDButton2_off.uasset" 226
"../../../Engine/Content/MobileResources/HUD/MobileHUDButton2_on.uasset" 227
"../../../Engine/Content/MobileResources/HUD/MobileHUDButton3.uasset" 228
"../../../Engine/Content/MobileResources/HUD/MobileHUDButtonFire.uasset" 229
"../../../Engine/Content/MobileResources/HUD/MobileHUDDirectionPad.uasset" 230
"../../../Engine/Content/MobileResources/HUD/MobileHUDDirectionPad2.uasset" 231
"../../../Engine/Content/MobileResources/HUD/MobileHUDDirectionPad3.uasset" 232
"../../../Engine/Content/MobileResources/HUD/MobileHUDDirectionStick.uasset" 233
"../../../Engine/Content/MobileResources/HUD/T_Castle_ThumbstickInner.uasset" 234
"../../../Engine/Content/MobileResources/HUD/T_Castle_ThumbstickOutter.uasset" 235
"../../../Engine/Content/Tutorial/ContentIntroCurve.uasset" 236
"../../../Engine/Content/Tutorial/Basics/LevelEditorAttract.uasset" 237
"../../../Engine/Content/Tutorial/Basics/TutorialAssets/icon_tab_Levels_40x.uasset" 238
"../../../Engine/Content/Tutorial/Basics/LevelEditorOverview.uasset" 239
"../../../Engine/Content/VREditor/LaserPointer/VR_LaserPower_01.uasset" 240
"../../../Engine/Content/VREditor/TransformGizmo/TransformGizmoMaterial.uasset" 241
"../../../Engine/Content/VREditor/TransformGizmo/TranslucentTransformGizmoMaterial.uasset" 242
"../../../Engine/Content/VREditor/TransformGizmo/BoundingBoxCorner.uasset" 243
"../../../Engine/Content/VREditor/TransformGizmo/BoundingBoxEdge.uasset" 244
"../../../Engine/Content/VREditor/TransformGizmo/PlaneTranslationHandle.uasset" 245
"../../../Engine/Content/VREditor/TransformGizmo/Main.uasset" 246
"../../../Engine/Content/VREditor/TransformGizmo/Xray.uasset" 247
"../../../Engine/Content/VREditor/TransformGizmo/SM_Sequencer_Key.uasset" 248
"../../../Engine/Content/VREditor/TransformGizmo/SM_Sequencer_Node.uasset" 249
"../../Plugins/2D/Paper2D/Content/PlaceholderTextures/DummySpriteTexture.uasset" 250
"../../Plugins/2D/Paper2D/Content/DummySprite.uasset" 251
"../../Plugins/2D/Paper2D/Content/DefaultPaperTerrainMaterial.uasset" 252
"../../Plugins/2D/Paper2D/Content/DummySpriteTexture.uasset" 253
"../../Plugins/2D/Paper2D/Content/DefaultSpriteMaterial.uasset" 254
"../../Plugins/2D/Paper2D/Content/MaskedUnlitSpriteMaterial.uasset" 255
"../../Plugins/2D/Paper2D/Content/OpaqueUnlitSpriteMaterial.uasset" 256
"../../Plugins/Runtime/Oculus/OculusVR/Content/OculusMR_RenderTarget.uasset" 257
"../../../Engine/Content/Functions/Engine_MaterialFunctions02/Utility/BreakOutFloat4Components.uasset" 258
"../../../Engine/Content/Functions/Engine_MaterialFunctions02/Utility/MakeFloat2.uasset" 259
"../../../Engine/Content/Functions/Engine_MaterialFunctions02/Utility/MakeFloat3.uasset" 260
"../../Plugins/Runtime/Oculus/OculusVR/Content/Materials/OculusMR_ChromaKey.uasset" 261
"../../Plugins/Runtime/Oculus/OculusVR/Content/Materials/OculusMR_ChromaKey_Lit.uasset" 262
"../../Plugins/Runtime/Oculus/OculusVR/Content/Materials/OculusMR_OpaqueColoredMaterial.uasset" 263
"../../Plugins/Runtime/Oculus/OculusVR/Content/Materials/OculusMR_WhiteMaterial.uasset" 264
"../../../Engine/Content/Functions/Engine_MaterialFunctions02/Texturing/CustomRotator.uasset" 265
"../../Plugins/Enterprise/DatasmithContent/Content/Materials/C4DMasterUV.uasset" 266
"../../Plugins/Enterprise/DatasmithContent/Content/Materials/TileMirrorAxis.uasset" 267
"../../Plugins/Enterprise/DatasmithContent/Content/Materials/UVEdit.uasset" 268
"../../../Engine/Content/Functions/Engine_MaterialFunctions01/Texturing/FlattenNormal.uasset" 269
"../../../Engine/Content/Functions/Engine_MaterialFunctions02/HueShift.uasset" 270
"../../../Engine/Content/EditorLandscapeResources/WhiteSquareTexture.uasset" 271
"../../../Engine/Content/EngineMaterials/T_Default_Normal.uasset" 272
"../../../Engine/Content/EngineResources/Black.uasset" 273
"../../Plugins/Enterprise/DatasmithContent/Content/Materials/C4DMaster.uasset" 274
"../../../Engine/Content/BasicShapes/Sphere.uasset" 275
"../../../../Projectos unreal/PongGame/Content/mateiral/PM_NoFriction.uasset" 276
"../../../../Projectos unreal/PongGame/Content/Blueprints/Ball7_Blueprint.uasset" 277
"../../../Engine/Content/EditorBlueprintResources/StandardMacros.uasset" 278
"../../../Engine/Content/EngineSky/C_Sky_Cloud_Color.uasset" 279
"../../../Engine/Content/EngineSky/C_Sky_Horizon_Color.uasset" 280
"../../../Engine/Content/EngineSky/C_Sky_Zenith_Color.uasset" 281
"../../../Engine/Content/EngineSky/T_Sky_Blue.uasset" 282
"../../../Engine/Content/EngineSky/T_Sky_Clouds_M.uasset" 283
"../../../Engine/Content/EngineSky/T_Sky_Stars.uasset" 284
"../../../Engine/Content/EngineSky/M_Sky_Panning_Clouds2.uasset" 285
"../../../Engine/Content/EngineSky/SM_SkySphere.uasset" 286
"../../../Engine/Content/EngineSky/BP_Sky_Sphere.uasset" 287
"../../../../Projectos unreal/PongGame/Content/Blueprints/CameraActor_Blueprint.uasset" 288
"../../../../Projectos unreal/PongGame/Content/Blueprints/MydestructableBlock.uasset" 289
"../../../../Projectos unreal/PongGame/Content/Blueprints/widget/win.uasset" 290
"../../../../Projectos unreal/PongGame/Content/Blueprints/widget/HUDNormal.uasset" 291
"../../../../Projectos unreal/PongGame/Content/Blueprints/MyPongGameGameModeBase.uasset" 292
"../../../../Projectos unreal/PongGame/Content/Blueprints/Mystick.uasset" 293
"../../../Engine/Content/EngineMaterials/DefaultLightFunctionMaterial.uasset" 294
"../../../Engine/Content/MapTemplates/SM_Template_Map_Floor.uasset" 295
"../../../../Projectos unreal/PongGame/Content/map/Mapa1.umap" 296
"../../../Engine/Content/MapTemplates/Materials/BasicAsset01.uasset" 297
"../../../Engine/Content/MapTemplates/Materials/BasicAsset03.uasset" 298
"../../../../Projectos unreal/PongGame/Content/Blueprints/MovingBlock1_Blueprint.uasset" 299
"../../../../Projectos unreal/PongGame/Content/map/Mapa2.umap" 300
"../../../../Projectos unreal/PongGame/Content/map/Mapa3.umap" 301
"../../../../Projectos unreal/PongGame/Content/StarterContent/Blueprints/Assets/FogBrightnessLUT.uasset" 302
"../../../../Projectos unreal/PongGame/Content/StarterContent/Blueprints/Assets/SunlightColorLUT.uasset" 303
"../../../../Projectos unreal/PongGame/Content/StarterContent/Blueprints/Assets/M_LightStage_Arrows.uasset" 304
"../../../Engine/Content/MapTemplates/Sky/DaylightAmbientCubemap.uasset" 305
"../../../../Projectos unreal/PongGame/Content/StarterContent/Blueprints/Assets/M_LightStage_Skybox_Master.uasset" 306
"../../../../Projectos unreal/PongGame/Content/StarterContent/Blueprints/Assets/M_LightStage_Skybox_Black.uasset" 307
"../../../../Projectos unreal/PongGame/Content/StarterContent/Blueprints/Assets/M_LightStage_Skybox_HDRI.uasset" 308
"../../../Engine/Content/EditorMaterials/Thumbnails/SkySphereMaterial.uasset" 309
"../../../../Projectos unreal/PongGame/Content/StarterContent/Blueprints/Assets/Skybox.uasset" 310
"../../../../Projectos unreal/PongGame/Content/StarterContent/Blueprints/Assets/SM_Arrows.uasset" 311
"../../../../Projectos unreal/PongGame/Content/StarterContent/HDRI/HDRI_Epic_Courtyard_Daylight.uasset" 312
"../../../../Projectos unreal/PongGame/Content/StarterContent/Blueprints/BP_LightStudio.uasset" 313
"../../../../Projectos unreal/PongGame/Content/StarterContent/Maps/Advanced_Lighting_BuiltData.uasset" 314
"../../../../Projectos unreal/PongGame/Content/StarterContent/Materials/M_AssetPlatform.uasset" 315
"../../../Engine/Content/EditorMeshes/ColorCalibrator/M_ChromeBall.uasset" 316
"../../../Engine/Content/EditorMeshes/ColorCalibrator/M_ClearCoat.uasset" 317
"../../../Engine/Content/EditorMeshes/ColorCalibrator/M_ClearCoatBlack.uasset" 318
"../../../Engine/Content/EditorMeshes/ColorCalibrator/Color_checker.uasset" 319
"../../../Engine/Content/EditorMeshes/ColorCalibrator/M_ColorGrid.uasset" 320
"../../../Engine/Content/EditorMeshes/ColorCalibrator/M_GreyBall.uasset" 321
"../../../Engine/Content/EditorMeshes/ColorCalibrator/SM_ColorCalibrator.uasset" 322
"../../../../Projectos unreal/PongGame/Content/StarterContent/Architecture/SM_AssetPlatform.uasset" 323
"../../../../Projectos unreal/PongGame/Content/StarterContent/Maps/Advanced_Lighting.umap" 324
"../../../../Projectos unreal/PongGame/Content/StarterContent/Maps/Minimal_Default_BuiltData.uasset" 325
"../../../../Projectos unreal/PongGame/Content/StarterContent/Textures/T_MacroVariation.uasset" 326
"../../../../Projectos unreal/PongGame/Content/StarterContent/Materials/M_Metal_Brushed_Nickel.uasset" 327
"../../../../Projectos unreal/PongGame/Content/StarterContent/Textures/T_Metal_Aluminum_D.uasset" 328
"../../../../Projectos unreal/PongGame/Content/StarterContent/Textures/T_Metal_Gold_N.uasset" 329
"../../../../Projectos unreal/PongGame/Content/StarterContent/Materials/M_Metal_Burnished_Steel.uasset" 330
"../../../../Projectos unreal/PongGame/Content/StarterContent/Textures/T_Metal_Copper_D.uasset" 331
"../../../../Projectos unreal/PongGame/Content/StarterContent/Materials/M_Metal_Copper.uasset" 332
"../../../../Projectos unreal/PongGame/Content/StarterContent/Textures/T_Statue_M.uasset" 333
"../../../../Projectos unreal/PongGame/Content/StarterContent/Textures/T_Statue_N.uasset" 334
"../../../../Projectos unreal/PongGame/Content/StarterContent/Props/Materials/M_StatueGlass.uasset" 335
"../../../../Projectos unreal/PongGame/Content/StarterContent/Architecture/Floor_400x400.uasset" 336
"../../../../Projectos unreal/PongGame/Content/StarterContent/Audio/Starter_Background_Cue.uasset" 337
"../../../../Projectos unreal/PongGame/Content/StarterContent/Props/SM_Chair.uasset" 338
"../../../../Projectos unreal/PongGame/Content/StarterContent/Props/Materials/M_Statue.uasset" 339
"../../../../Projectos unreal/PongGame/Content/StarterContent/Props/SM_Statue.uasset" 340
"../../../../Projectos unreal/PongGame/Content/StarterContent/Textures/T_TableRound_M.uasset" 341
"../../../../Projectos unreal/PongGame/Content/StarterContent/Textures/T_TableRound_N.uasset" 342
"../../../../Projectos unreal/PongGame/Content/StarterContent/Props/Materials/M_TableRound.uasset" 343
"../../../../Projectos unreal/PongGame/Content/StarterContent/Props/SM_TableRound.uasset" 344
"../../../../Projectos unreal/PongGame/Content/StarterContent/Maps/Minimal_Default.umap" 345
"../../../../Projectos unreal/PongGame/Content/StarterContent/Audio/Fire01_Cue.uasset" 346
"../../../../Projectos unreal/PongGame/Content/StarterContent/Textures/T_Fire_SubUV.uasset" 347
"../../../../Projectos unreal/PongGame/Content/StarterContent/Textures/T_Fire_Tiled_D.uasset" 348
"../../../../Projectos unreal/PongGame/Content/StarterContent/Particles/Materials/M_Fire_SubUV.uasset" 349
"../../../../Projectos unreal/PongGame/Content/StarterContent/Textures/T_Water_N.uasset" 350
"../../../../Projectos unreal/PongGame/Content/StarterContent/Particles/Materials/M_Heat_Distortion.uasset" 351
"../../../../Projectos unreal/PongGame/Content/StarterContent/Particles/Materials/M_Radial_Gradient.uasset" 352
"../../../../Projectos unreal/PongGame/Content/StarterContent/Particles/P_Fire.uasset" 353
"../../../../Projectos unreal/PongGame/Content/StarterContent/Blueprints/Blueprint_Effect_Fire.uasset" 354
"../../../../Projectos unreal/PongGame/Content/StarterContent/Audio/Smoke01_Cue.uasset" 355
"../../../../Projectos unreal/PongGame/Content/StarterContent/Particles/P_Smoke.uasset" 356
"../../../../Projectos unreal/PongGame/Content/StarterContent/Blueprints/Blueprint_Effect_Smoke.uasset" 357
"../../../../Projectos unreal/PongGame/Content/StarterContent/Audio/Fire_Sparks01_Cue.uasset" 358
"../../../../Projectos unreal/PongGame/Content/StarterContent/Textures/T_Spark_Core.uasset" 359
"../../../../Projectos unreal/PongGame/Content/StarterContent/Particles/Materials/M_Spark.uasset" 360
"../../../../Projectos unreal/PongGame/Content/StarterContent/Particles/P_Sparks.uasset" 361
"../../../../Projectos unreal/PongGame/Content/StarterContent/Blueprints/Blueprint_Effect_Sparks.uasset" 362
"../../../../Projectos unreal/PongGame/Content/StarterContent/Audio/Steam01_Cue.uasset" 363
"../../../../Projectos unreal/PongGame/Content/StarterContent/Particles/P_Steam_Lit.uasset" 364
"../../../../Projectos unreal/PongGame/Content/StarterContent/Blueprints/Blueprint_Effect_Steam.uasset" 365
"../../../../Projectos unreal/PongGame/Content/StarterContent/Textures/T_Lamp_M.uasset" 366
"../../../../Projectos unreal/PongGame/Content/StarterContent/Textures/T_Lamp_N.uasset" 367
"../../../../Projectos unreal/PongGame/Content/StarterContent/Props/Materials/M_Lamp.uasset" 368
"../../../../Projectos unreal/PongGame/Content/StarterContent/Props/SM_Lamp_Ceiling.uasset" 369
"../../../../Projectos unreal/PongGame/Content/StarterContent/Blueprints/Blueprint_CeilingLight.uasset" 370
"../../../../Projectos unreal/PongGame/Content/StarterContent/Props/SM_Lamp_Wall.uasset" 371
"../../../../Projectos unreal/PongGame/Content/StarterContent/Blueprints/Blueprint_WallSconce.uasset" 372
"../../../../Projectos unreal/PongGame/Content/StarterContent/Maps/StarterMap_BuiltData.uasset" 373
"../../../Engine/Content/Functions/Engine_MaterialFunctions03/Procedurals/ComputeFilterWidth.uasset" 374
"../../../Engine/Content/EngineMaterials/AntiAliasedTextMaterialTranslucent.uasset" 375
"../../../../Projectos unreal/PongGame/Content/StarterContent/Textures/T_Brick_Clay_Beveled_D.uasset" 376
"../../../../Projectos unreal/PongGame/Content/StarterContent/Textures/T_Brick_Clay_Beveled_M.uasset" 377
"../../../../Projectos unreal/PongGame/Content/StarterContent/Textures/T_Brick_Clay_Beveled_N.uasset" 378
"../../../../Projectos unreal/PongGame/Content/StarterContent/Materials/M_Brick_Clay_Beveled.uasset" 379
"../../../../Projectos unreal/PongGame/Content/StarterContent/Textures/T_Brick_Clay_New_D.uasset" 380
"../../../../Projectos unreal/PongGame/Content/StarterContent/Textures/T_Brick_Clay_New_M.uasset" 381
"../../../../Projectos unreal/PongGame/Content/StarterContent/Textures/T_Brick_Clay_New_N.uasset" 382
"../../../../Projectos unreal/PongGame/Content/StarterContent/Materials/M_Brick_Clay_New.uasset" 383
"../../../../Projectos unreal/PongGame/Content/StarterContent/Textures/T_Brick_Clay_Old_D.uasset" 384
"../../../../Projectos unreal/PongGame/Content/StarterContent/Textures/T_Brick_Clay_Old_N.uasset" 385
"../../../../Projectos unreal/PongGame/Content/StarterContent/Textures/T_Perlin_Noise_M.uasset" 386
"../../../../Projectos unreal/PongGame/Content/StarterContent/Materials/M_Brick_Clay_Old.uasset" 387
"../../../../Projectos unreal/PongGame/Content/StarterContent/Textures/T_Brick_Cut_Stone_D.uasset" 388
"../../../../Projectos unreal/PongGame/Content/StarterContent/Textures/T_Brick_Cut_Stone_N.uasset" 389
"../../../../Projectos unreal/PongGame/Content/StarterContent/Materials/M_Brick_Cut_Stone.uasset" 390
"../../../../Projectos unreal/PongGame/Content/StarterContent/Textures/T_Brick_Hewn_Stone_D.uasset" 391
"../../../../Projectos unreal/PongGame/Content/StarterContent/Textures/T_Brick_Hewn_Stone_M.uasset" 392
"../../../../Projectos unreal/PongGame/Content/StarterContent/Textures/T_Brick_Hewn_Stone_N.uasset" 393
"../../../../Projectos unreal/PongGame/Content/StarterContent/Materials/M_Brick_Hewn_Stone.uasset" 394
"../../../../Projectos unreal/PongGame/Content/StarterContent/Textures/T_Ceramic_Tile_M.uasset" 395
"../../../../Projectos unreal/PongGame/Content/StarterContent/Textures/T_Ceramic_Tile_N.uasset" 396
"../../../../Projectos unreal/PongGame/Content/StarterContent/Textures/T_Rock_Marble_Polished_D.uasset" 397
"../../../../Projectos unreal/PongGame/Content/StarterContent/Materials/M_Ceramic_Tile_Checker.uasset" 398
"../../../../Projectos unreal/PongGame/Content/StarterContent/Textures/T_CobbleStone_Pebble_D.uasset" 399
"../../../../Projectos unreal/PongGame/Content/StarterContent/Textures/T_CobbleStone_Pebble_M.uasset" 400
"../../../../Projectos unreal/PongGame/Content/StarterContent/Textures/T_CobbleStone_Pebble_N.uasset" 401
"../../../../Projectos unreal/PongGame/Content/StarterContent/Materials/M_CobbleStone_Pebble.uasset" 402
"../../../../Projectos unreal/PongGame/Content/StarterContent/Textures/T_CobbleStone_Rough_D.uasset" 403
"../../../../Projectos unreal/PongGame/Content/StarterContent/Textures/T_CobbleStone_Rough_N.uasset" 404
"../../../../Projectos unreal/PongGame/Content/StarterContent/Textures/T_Gradinet_01.uasset" 405
"../../../../Projectos unreal/PongGame/Content/StarterContent/Textures/T_Rock_Smooth_Granite_D.uasset" 406
"../../../../Projectos unreal/PongGame/Content/StarterContent/Materials/M_CobbleStone_Rough.uasset" 407
"../../../../Projectos unreal/PongGame/Content/StarterContent/Textures/T_CobbleStone_Smooth_D.uasset" 408
"../../../../Projectos unreal/PongGame/Content/StarterContent/Textures/T_CobbleStone_Smooth_M.uasset" 409
"../../../../Projectos unreal/PongGame/Content/StarterContent/Textures/T_CobbleStone_Smooth_N.uasset" 410
"../../../../Projectos unreal/PongGame/Content/StarterContent/Materials/M_CobbleStone_Smooth.uasset" 411
"../../../../Projectos unreal/PongGame/Content/StarterContent/Textures/T_Concrete_Grime_D.uasset" 412
"../../../../Projectos unreal/PongGame/Content/StarterContent/Textures/T_Metal_Rust_N.uasset" 413
"../../../../Projectos unreal/PongGame/Content/StarterContent/Materials/M_Concrete_Grime.uasset" 414
"../../../../Projectos unreal/PongGame/Content/StarterContent/Textures/T_Concrete_Panels_D.uasset" 415
"../../../../Projectos unreal/PongGame/Content/StarterContent/Textures/T_Concrete_Panels_N.uasset" 416
"../../../../Projectos unreal/PongGame/Content/StarterContent/Materials/M_Concrete_Panels.uasset" 417
"../../../../Projectos unreal/PongGame/Content/StarterContent/Textures/T_Concrete_Poured_D.uasset" 418
"../../../../Projectos unreal/PongGame/Content/StarterContent/Textures/T_Concrete_Poured_N.uasset" 419
"../../../../Projectos unreal/PongGame/Content/StarterContent/Materials/M_Concrete_Poured.uasset" 420
"../../../../Projectos unreal/PongGame/Content/StarterContent/Textures/T_Concrete_Tiles_D.uasset" 421
"../../../../Projectos unreal/PongGame/Content/StarterContent/Textures/T_Concrete_Tiles_M.uasset" 422
"../../../../Projectos unreal/PongGame/Content/StarterContent/Textures/T_Concrete_Tiles_N.uasset" 423
"../../../../Projectos unreal/PongGame/Content/StarterContent/Textures/T_Concrete_Tiles_Variation_M.uasset" 424
"../../../../Projectos unreal/PongGame/Content/StarterContent/Materials/M_Concrete_Tiles.uasset" 425
"../../../../Projectos unreal/PongGame/Content/StarterContent/Textures/T_Ground_Grass_D.uasset" 426
"../../../../Projectos unreal/PongGame/Content/StarterContent/Textures/T_Ground_Grass_N.uasset" 427
"../../../../Projectos unreal/PongGame/Content/StarterContent/Materials/M_Ground_Grass.uasset" 428
"../../../../Projectos unreal/PongGame/Content/StarterContent/Textures/T_Ground_Gravel_D.uasset" 429
"../../../../Projectos unreal/PongGame/Content/StarterContent/Textures/T_Ground_Gravel_N.uasset" 430
"../../../../Projectos unreal/PongGame/Content/StarterContent/Materials/M_Ground_Gravel.uasset" 431
"../../../../Projectos unreal/PongGame/Content/StarterContent/Textures/T_ground_Moss_D.uasset" 432
"../../../../Projectos unreal/PongGame/Content/StarterContent/Textures/T_Ground_Moss_N.uasset" 433
"../../../../Projectos unreal/PongGame/Content/StarterContent/Materials/M_Ground_Moss.uasset" 434
"../../../../Projectos unreal/PongGame/Content/StarterContent/Materials/M_Metal_Chrome.uasset" 435
"../../../../Projectos unreal/PongGame/Content/StarterContent/Textures/T_Metal_Gold_D.uasset" 436
"../../../../Projectos unreal/PongGame/Content/StarterContent/Materials/M_Metal_Gold.uasset" 437
"../../../../Projectos unreal/PongGame/Content/StarterContent/Textures/T_Metal_Rust_D.uasset" 438
"../../../../Projectos unreal/PongGame/Content/StarterContent/Materials/M_Metal_Rust.uasset" 439
"../../../../Projectos unreal/PongGame/Content/StarterContent/Textures/T_Metal_Steel_D.uasset" 440
"../../../../Projectos unreal/PongGame/Content/StarterContent/Textures/T_Metal_Steel_N.uasset" 441
"../../../../Projectos unreal/PongGame/Content/StarterContent/Materials/M_Metal_Steel.uasset" 442
"../../../../Projectos unreal/PongGame/Content/StarterContent/Textures/T_Rock_Basalt_N.uasset" 443
"../../../../Projectos unreal/PongGame/Content/StarterContent/Materials/M_Rock_Basalt.uasset" 444
"../../../../Projectos unreal/PongGame/Content/StarterContent/Materials/M_Rock_Marble_Polished.uasset" 445
"../../../../Projectos unreal/PongGame/Content/StarterContent/Textures/T_Rock_Sandstone_D.uasset" 446
"../../../../Projectos unreal/PongGame/Content/StarterContent/Textures/T_Rock_Sandstone_N.uasset" 447
"../../../../Projectos unreal/PongGame/Content/StarterContent/Materials/M_Rock_Sandstone.uasset" 448
"../../../../Projectos unreal/PongGame/Content/StarterContent/Textures/T_Rock_Slate_D.uasset" 449
"../../../../Projectos unreal/PongGame/Content/StarterContent/Textures/T_Rock_Slate_N.uasset" 450
"../../../../Projectos unreal/PongGame/Content/StarterContent/Materials/M_Rock_Slate.uasset" 451
"../../../../Projectos unreal/PongGame/Content/StarterContent/Textures/T_Checker_Noise_M.uasset" 452
"../../../../Projectos unreal/PongGame/Content/StarterContent/Textures/T_Single_Tile_N.uasset" 453
"../../../../Projectos unreal/PongGame/Content/StarterContent/Textures/T_Tech_Dot_M.uasset" 454
"../../../../Projectos unreal/PongGame/Content/StarterContent/Textures/T_Tech_Dot_N.uasset" 455
"../../../../Projectos unreal/PongGame/Content/StarterContent/Materials/M_Tech_Checker_Dot.uasset" 456
"../../../../Projectos unreal/PongGame/Content/StarterContent/Textures/T_Tech_Hex_Tile_M.uasset" 457
"../../../../Projectos unreal/PongGame/Content/StarterContent/Textures/T_Tech_Hex_Tile_N.uasset" 458
"../../../../Projectos unreal/PongGame/Content/StarterContent/Materials/M_Tech_Hex_Tile.uasset" 459
"../../../../Projectos unreal/PongGame/Content/StarterContent/Materials/M_Tech_Hex_Tile_Pulse.uasset" 460
"../../../../Projectos unreal/PongGame/Content/StarterContent/Textures/T_Tech_Panel_M.uasset" 461
"../../../../Projectos unreal/PongGame/Content/StarterContent/Textures/T_Tech_Panel_N.uasset" 462
"../../../../Projectos unreal/PongGame/Content/StarterContent/Materials/M_Tech_Panel.uasset" 463
"../../../../Projectos unreal/PongGame/Content/StarterContent/Materials/M_Water_Lake.uasset" 464
"../../../../Projectos unreal/PongGame/Content/StarterContent/Textures/T_Water_M.uasset" 465
"../../../../Projectos unreal/PongGame/Content/StarterContent/Materials/M_Water_Ocean.uasset" 466
"../../../../Projectos unreal/PongGame/Content/StarterContent/Textures/T_Wood_Floor_Walnut_D.uasset" 467
"../../../../Projectos unreal/PongGame/Content/StarterContent/Textures/T_Wood_Floor_Walnut_M.uasset" 468
"../../../../Projectos unreal/PongGame/Content/StarterContent/Textures/T_Wood_Floor_Walnut_N.uasset" 469
"../../../../Projectos unreal/PongGame/Content/StarterContent/Materials/M_Wood_Floor_Walnut_Polished.uasset" 470
"../../../Engine/Content/Functions/Engine_MaterialFunctions01/Opacity/AlphaOffset.uasset" 471
"../../../../Projectos unreal/PongGame/Content/StarterContent/Materials/M_Wood_Floor_Walnut_Worn.uasset" 472
"../../../../Projectos unreal/PongGame/Content/StarterContent/Textures/T_Wood_Oak_D.uasset" 473
"../../../../Projectos unreal/PongGame/Content/StarterContent/Textures/T_Wood_Oak_N.uasset" 474
"../../../../Projectos unreal/PongGame/Content/StarterContent/Materials/M_Wood_Oak.uasset" 475
"../../../../Projectos unreal/PongGame/Content/StarterContent/Textures/T_Wood_Pine_D.uasset" 476
"../../../../Projectos unreal/PongGame/Content/StarterContent/Textures/T_Wood_Pine_N.uasset" 477
"../../../../Projectos unreal/PongGame/Content/StarterContent/Materials/M_Wood_Pine.uasset" 478
"../../../../Projectos unreal/PongGame/Content/StarterContent/Textures/T_Wood_Walnut_D.uasset" 479
"../../../../Projectos unreal/PongGame/Content/StarterContent/Textures/T_Wood_Walnut_N.uasset" 480
"../../../../Projectos unreal/PongGame/Content/StarterContent/Materials/M_Wood_Walnut.uasset" 481
"../../../../Projectos unreal/PongGame/Content/StarterContent/Architecture/Wall_400x200.uasset" 482
"../../../../Projectos unreal/PongGame/Content/StarterContent/Architecture/Wall_Door_400x300.uasset" 483
"../../../../Projectos unreal/PongGame/Content/StarterContent/Architecture/Wall_Window_400x300.uasset" 484
"../../../../Projectos unreal/PongGame/Content/StarterContent/Audio/Collapse_Cue.uasset" 485
"../../../../Projectos unreal/PongGame/Content/StarterContent/Audio/Starter_Music_Cue.uasset" 486
"../../../../Projectos unreal/PongGame/Content/StarterContent/Textures/T_Dust_Particle_D.uasset" 487
"../../../../Projectos unreal/PongGame/Content/StarterContent/Particles/Materials/M_Dust_Particle.uasset" 488
"../../../../Projectos unreal/PongGame/Content/StarterContent/Particles/P_Ambient_Dust.uasset" 489
"../../../../Projectos unreal/PongGame/Content/StarterContent/Props/MaterialSphere.uasset" 490
"../../../../Projectos unreal/PongGame/Content/StarterContent/Textures/T_Frame_M.uasset" 491
"../../../../Projectos unreal/PongGame/Content/StarterContent/Textures/T_Frame_N.uasset" 492
"../../../../Projectos unreal/PongGame/Content/StarterContent/Props/Materials/M_Frame.uasset" 493
"../../../../Projectos unreal/PongGame/Content/StarterContent/Props/SM_CornerFrame.uasset" 494
"../../../../Projectos unreal/PongGame/Content/StarterContent/Props/SM_DoorFrame.uasset" 495
"../../../../Projectos unreal/PongGame/Content/StarterContent/Props/SM_GlassWindow.uasset" 496
"../../../../Projectos unreal/PongGame/Content/StarterContent/Props/SM_PillarFrame.uasset" 497
"../../../../Projectos unreal/PongGame/Content/StarterContent/Props/SM_PillarFrame300.uasset" 498
"../../../../Projectos unreal/PongGame/Content/StarterContent/Props/SM_WindowFrame.uasset" 499
"../../../../Projectos unreal/PongGame/Content/StarterContent/Shapes/Shape_Cube.uasset" 500
"../../../../Projectos unreal/PongGame/Content/StarterContent/Shapes/Shape_QuadPyramid.uasset" 501
"../../../../Projectos unreal/PongGame/Content/StarterContent/Shapes/Shape_Sphere.uasset" 502
"../../../../Projectos unreal/PongGame/Content/StarterContent/Maps/StarterMap.umap" 503
"../../../Engine/Content/Maps/Entry_BuiltData.uasset" 504
"../../../Engine/Content/Maps/Entry.umap" 505
